C:\Program Files (x86)\Microsoft Visual Studio\2017\Professional\Common7\IDE\VC\VCTargets\Microsoft.CppBuild.targets(377,5): warning MSB8004: Output 디렉터리가 슬래시로 끝나지 않습니다. Output 디렉터리의 적절한 평가를 허용하는 데 필요하므로 이 빌드 인스턴스에서 슬래시를 추가합니다.
  stdafx.cpp
d:\dxsolution\include\maxsdk2019\paramtype.h(513): warning C4819: 현재 코드 페이지(949)에서 표시할 수 없는 문자가 파일에 들어 있습니다. 데이터가 손실되지 않게 하려면 해당 파일을 유니코드 형식으로 저장하십시오.
d:\dxsolution\include\maxsdk2019\graphicsconstants.h : warning C4819: 현재 코드 페이지(949)에서 표시할 수 없는 문자가 파일에 들어 있습니다. 데이터가 손실되지 않게 하려면 해당 파일을 유니코드 형식으로 저장하십시오.
  dllmain.cpp
d:\dxsolution\dxfirst\syexport\dllmain.cpp(52): warning C4083: '문자열'이(가) 있어야 하는데 'TODO' 식별자가 있습니다.
d:\dxsolution\dxfirst\syexport\dllmain.cpp(58): warning C4083: '문자열'이(가) 있어야 하는데 'TODO' 식별자가 있습니다.
  syDraw.cpp
  syExport.cpp
  syWriter.cpp
d:\dxsolution\dxfirst\syexport\sywriter.cpp(104): warning C4267: '=': 'size_t'에서 'int'(으)로 변환하면서 데이터가 손실될 수 있습니다.
d:\dxsolution\dxfirst\syexport\sywriter.cpp(118): warning C4267: '=': 'size_t'에서 'int'(으)로 변환하면서 데이터가 손실될 수 있습니다.
d:\dxsolution\dxfirst\syexport\sywriter.cpp(119): warning C4267: '=': 'size_t'에서 'int'(으)로 변환하면서 데이터가 손실될 수 있습니다.
d:\dxsolution\dxfirst\syexport\sywriter.cpp(136): warning C4477: 'fwprintf' : 서식 문자열 '%s'에 'wchar_t *' 형식의 인수가 필요하지만 variadic 인수 1의 형식이 'WStr'입니다.
d:\dxsolution\dxfirst\syexport\sywriter.cpp(136): warning C4477: 'fwprintf' : 서식 문자열 '%d'에 'int' 형식의 인수가 필요하지만 variadic 인수 2의 형식이 'unsigned __int64'입니다.
  d:\dxsolution\dxfirst\syexport\sywriter.cpp(136): note: 서식 문자열에서 '%zd'을(를) 사용하는 것이 좋습니다.
d:\dxsolution\dxfirst\syexport\sywriter.cpp(144): warning C4477: 'fwprintf' : 서식 문자열 '%s'에 'wchar_t *' 형식의 인수가 필요하지만 variadic 인수 1의 형식이 'WStr'입니다.
d:\dxsolution\dxfirst\syexport\sywriter.cpp(144): warning C4477: 'fwprintf' : 서식 문자열 '%d'에 'int' 형식의 인수가 필요하지만 variadic 인수 2의 형식이 'unsigned __int64'입니다.
  d:\dxsolution\dxfirst\syexport\sywriter.cpp(144): note: 서식 문자열에서 '%zd'을(를) 사용하는 것이 좋습니다.
d:\dxsolution\dxfirst\syexport\sywriter.cpp(151): warning C4477: 'fwprintf' : 서식 문자열 '%s'에 'wchar_t *' 형식의 인수가 필요하지만 variadic 인수 2의 형식이 'WStr'입니다.
d:\dxsolution\dxfirst\syexport\sywriter.cpp(159): warning C4477: 'fwprintf' : 서식 문자열 '%d'에 'int' 형식의 인수가 필요하지만 variadic 인수 2의 형식이 'unsigned __int64'입니다.
  d:\dxsolution\dxfirst\syexport\sywriter.cpp(159): note: 서식 문자열에서 '%zd'을(를) 사용하는 것이 좋습니다.
d:\dxsolution\dxfirst\syexport\sywriter.cpp(166): warning C4477: 'fwprintf' : 서식 문자열 '%s'에 'wchar_t *' 형식의 인수가 필요하지만 variadic 인수 2의 형식이 'WStr'입니다.
d:\dxsolution\dxfirst\syexport\sywriter.cpp(178): warning C4477: 'fwprintf' : 서식 문자열 '%s'에 'wchar_t *' 형식의 인수가 필요하지만 variadic 인수 1의 형식이 'WStr'입니다.
d:\dxsolution\dxfirst\syexport\sywriter.cpp(178): warning C4477: 'fwprintf' : 서식 문자열 '%s'에 'wchar_t *' 형식의 인수가 필요하지만 variadic 인수 2의 형식이 'WStr'입니다.
d:\dxsolution\dxfirst\syexport\sywriter.cpp(178): warning C4477: 'fwprintf' : 서식 문자열 '%d'에 'int' 형식의 인수가 필요하지만 variadic 인수 4의 형식이 'unsigned __int64'입니다.
  d:\dxsolution\dxfirst\syexport\sywriter.cpp(178): note: 서식 문자열에서 '%zd'을(를) 사용하는 것이 좋습니다.
d:\dxsolution\dxfirst\syexport\sywriter.cpp(178): warning C4477: 'fwprintf' : 서식 문자열 '%d'에 'int' 형식의 인수가 필요하지만 variadic 인수 5의 형식이 'unsigned __int64'입니다.
  d:\dxsolution\dxfirst\syexport\sywriter.cpp(178): note: 서식 문자열에서 '%zd'을(를) 사용하는 것이 좋습니다.
d:\dxsolution\dxfirst\syexport\sywriter.cpp(209): warning C4477: 'fwprintf' : 서식 문자열 '%d'에 'int' 형식의 인수가 필요하지만 variadic 인수 1의 형식이 'unsigned __int64'입니다.
  d:\dxsolution\dxfirst\syexport\sywriter.cpp(209): note: 서식 문자열에서 '%zd'을(를) 사용하는 것이 좋습니다.
d:\dxsolution\dxfirst\syexport\sywriter.cpp(231): warning C4477: 'fwprintf' : 서식 문자열 '%d'에 'int' 형식의 인수가 필요하지만 variadic 인수 1의 형식이 'unsigned __int64'입니다.
  d:\dxsolution\dxfirst\syexport\sywriter.cpp(231): note: 서식 문자열에서 '%zd'을(를) 사용하는 것이 좋습니다.
d:\dxsolution\dxfirst\syexport\sywriter.cpp(580): warning C4244: '=': '__int64'에서 'int'(으)로 변환하면서 데이터가 손실될 수 있습니다.
d:\dxsolution\dxfirst\syexport\sywriter.cpp(653): warning C4267: '=': 'size_t'에서 'int'(으)로 변환하면서 데이터가 손실될 수 있습니다.
d:\dxsolution\dxfirst\syexport\sywriter.cpp(764): warning C4477: 'fwprintf' : 서식 문자열 '%d'에 'int' 형식의 인수가 필요하지만 variadic 인수 2의 형식이 'unsigned __int64'입니다.
  d:\dxsolution\dxfirst\syexport\sywriter.cpp(764): note: 서식 문자열에서 '%zd'을(를) 사용하는 것이 좋습니다.
d:\dxsolution\dxfirst\syexport\sywriter.cpp(764): warning C4477: 'fwprintf' : 서식 문자열 '%d'에 'int' 형식의 인수가 필요하지만 variadic 인수 3의 형식이 'unsigned __int64'입니다.
  d:\dxsolution\dxfirst\syexport\sywriter.cpp(764): note: 서식 문자열에서 '%zd'을(를) 사용하는 것이 좋습니다.
d:\dxsolution\dxfirst\syexport\sywriter.cpp(764): warning C4477: 'fwprintf' : 서식 문자열 '%d'에 'int' 형식의 인수가 필요하지만 variadic 인수 4의 형식이 'unsigned __int64'입니다.
  d:\dxsolution\dxfirst\syexport\sywriter.cpp(764): note: 서식 문자열에서 '%zd'을(를) 사용하는 것이 좋습니다.
     C:\Program Files\Autodesk\3ds Max 2019\Plugins\syExport.lib 라이브러리 및 C:\Program Files\Autodesk\3ds Max 2019\Plugins\syExport.exp 개체를 생성하고 있습니다.
  코드를 생성하고 있습니다.
d:\dxsolution\dxfirst\syexport\sywriter.cpp(78): warning C4172: 지역 변수 또는 임시: m_tmpBuffer의 주소를 반환하고 있습니다.
  All 1186 functions were compiled because no usable IPDB/IOBJ from previous compilation was found.
  코드를 생성했습니다.
  syExport.vcxproj -> C:\Program Files\Autodesk\3ds Max 2019\Plugins\syExport.dle
