C:\Program Files (x86)\Microsoft Visual Studio\2017\Professional\Common7\IDE\VC\VCTargets\Microsoft.CppBuild.targets(377,5): warning MSB8004: Output 디렉터리가 슬래시로 끝나지 않습니다. Output 디렉터리의 적절한 평가를 허용하는 데 필요하므로 이 빌드 인스턴스에서 슬래시를 추가합니다.
  dllmain.cpp
d:\dxsolution\include\maxsdk2019\paramtype.h(513): warning C4819: 현재 코드 페이지(949)에서 표시할 수 없는 문자가 파일에 들어 있습니다. 데이터가 손실되지 않게 하려면 해당 파일을 유니코드 형식으로 저장하십시오.
d:\dxsolution\include\maxsdk2019\graphicsconstants.h : warning C4819: 현재 코드 페이지(949)에서 표시할 수 없는 문자가 파일에 들어 있습니다. 데이터가 손실되지 않게 하려면 해당 파일을 유니코드 형식으로 저장하십시오.
d:\dxsolution\dxfirst\symaxexport\dllmain.cpp(52): warning C4083: '문자열'이(가) 있어야 하는데 'TODO' 식별자가 있습니다.
d:\dxsolution\dxfirst\symaxexport\dllmain.cpp(58): warning C4083: '문자열'이(가) 있어야 하는데 'TODO' 식별자가 있습니다.
  stdafx.cpp
d:\dxsolution\include\maxsdk2019\paramtype.h(513): warning C4819: 현재 코드 페이지(949)에서 표시할 수 없는 문자가 파일에 들어 있습니다. 데이터가 손실되지 않게 하려면 해당 파일을 유니코드 형식으로 저장하십시오.
d:\dxsolution\include\maxsdk2019\graphicsconstants.h : warning C4819: 현재 코드 페이지(949)에서 표시할 수 없는 문자가 파일에 들어 있습니다. 데이터가 손실되지 않게 하려면 해당 파일을 유니코드 형식으로 저장하십시오.
  syMatrixExp.cpp
d:\dxsolution\include\maxsdk2019\paramtype.h(513): warning C4819: 현재 코드 페이지(949)에서 표시할 수 없는 문자가 파일에 들어 있습니다. 데이터가 손실되지 않게 하려면 해당 파일을 유니코드 형식으로 저장하십시오.
d:\dxsolution\include\maxsdk2019\graphicsconstants.h : warning C4819: 현재 코드 페이지(949)에서 표시할 수 없는 문자가 파일에 들어 있습니다. 데이터가 손실되지 않게 하려면 해당 파일을 유니코드 형식으로 저장하십시오.
d:\dxsolution\dxfirst\symaxexport\symatrixexp.cpp(31): warning C4267: '=': 'size_t'에서 'int'(으)로 변환하면서 데이터가 손실될 수 있습니다.
d:\dxsolution\dxfirst\symaxexport\symatrixexp.cpp(47): warning C4477: 'fwprintf' : 서식 문자열 '%s'에 'wchar_t *' 형식의 인수가 필요하지만 variadic 인수 1의 형식이 'WStr'입니다.
d:\dxsolution\dxfirst\symaxexport\symatrixexp.cpp(47): warning C4477: 'fwprintf' : 서식 문자열 '%s'에 'wchar_t *' 형식의 인수가 필요하지만 variadic 인수 2의 형식이 'WStr'입니다.
d:\dxsolution\dxfirst\symaxexport\symatrixexp.cpp(47): warning C4477: 'fwprintf' : 서식 문자열 '%d'에 'int' 형식의 인수가 필요하지만 variadic 인수 3의 형식이 'unsigned __int64'입니다.
  d:\dxsolution\dxfirst\symaxexport\symatrixexp.cpp(47): note: 서식 문자열에서 '%zd'을(를) 사용하는 것이 좋습니다.
d:\dxsolution\dxfirst\symaxexport\symatrixexp.cpp(82): warning C4477: 'fwprintf' : 서식 문자열 '%d'에 'int' 형식의 인수가 필요하지만 variadic 인수 1의 형식이 'unsigned __int64'입니다.
  d:\dxsolution\dxfirst\symaxexport\symatrixexp.cpp(82): note: 서식 문자열에서 '%zd'을(를) 사용하는 것이 좋습니다.
d:\dxsolution\dxfirst\symaxexport\symatrixexp.cpp(105): warning C4477: 'fwprintf' : 서식 문자열 '%d'에 'int' 형식의 인수가 필요하지만 variadic 인수 1의 형식이 'unsigned __int64'입니다.
  d:\dxsolution\dxfirst\symaxexport\symatrixexp.cpp(105): note: 서식 문자열에서 '%zd'을(를) 사용하는 것이 좋습니다.
d:\dxsolution\dxfirst\symaxexport\symatrixexp.cpp(194): warning C4267: '=': 'size_t'에서 'int'(으)로 변환하면서 데이터가 손실될 수 있습니다.
  symaxExport.cpp
d:\dxsolution\include\maxsdk2019\paramtype.h(513): warning C4819: 현재 코드 페이지(949)에서 표시할 수 없는 문자가 파일에 들어 있습니다. 데이터가 손실되지 않게 하려면 해당 파일을 유니코드 형식으로 저장하십시오.
d:\dxsolution\include\maxsdk2019\graphicsconstants.h : warning C4819: 현재 코드 페이지(949)에서 표시할 수 없는 문자가 파일에 들어 있습니다. 데이터가 손실되지 않게 하려면 해당 파일을 유니코드 형식으로 저장하십시오.
  sySkinExp.cpp
d:\dxsolution\include\maxsdk2019\paramtype.h(513): warning C4819: 현재 코드 페이지(949)에서 표시할 수 없는 문자가 파일에 들어 있습니다. 데이터가 손실되지 않게 하려면 해당 파일을 유니코드 형식으로 저장하십시오.
d:\dxsolution\include\maxsdk2019\graphicsconstants.h : warning C4819: 현재 코드 페이지(949)에서 표시할 수 없는 문자가 파일에 들어 있습니다. 데이터가 손실되지 않게 하려면 해당 파일을 유니코드 형식으로 저장하십시오.
d:\dxsolution\dxfirst\symaxexport\syskinexp.cpp(61): warning C4267: '=': 'size_t'에서 'int'(으)로 변환하면서 데이터가 손실될 수 있습니다.
d:\dxsolution\dxfirst\symaxexport\syskinexp.cpp(62): warning C4267: '=': 'size_t'에서 'int'(으)로 변환하면서 데이터가 손실될 수 있습니다.
d:\dxsolution\dxfirst\symaxexport\syskinexp.cpp(79): warning C4477: 'fwprintf' : 서식 문자열 '%s'에 'wchar_t *' 형식의 인수가 필요하지만 variadic 인수 1의 형식이 'WStr'입니다.
d:\dxsolution\dxfirst\symaxexport\syskinexp.cpp(79): warning C4477: 'fwprintf' : 서식 문자열 '%d'에 'int' 형식의 인수가 필요하지만 variadic 인수 2의 형식이 'unsigned __int64'입니다.
  d:\dxsolution\dxfirst\symaxexport\syskinexp.cpp(79): note: 서식 문자열에서 '%zd'을(를) 사용하는 것이 좋습니다.
d:\dxsolution\dxfirst\symaxexport\syskinexp.cpp(87): warning C4477: 'fwprintf' : 서식 문자열 '%s'에 'wchar_t *' 형식의 인수가 필요하지만 variadic 인수 1의 형식이 'WStr'입니다.
d:\dxsolution\dxfirst\symaxexport\syskinexp.cpp(87): warning C4477: 'fwprintf' : 서식 문자열 '%d'에 'int' 형식의 인수가 필요하지만 variadic 인수 2의 형식이 'unsigned __int64'입니다.
  d:\dxsolution\dxfirst\symaxexport\syskinexp.cpp(87): note: 서식 문자열에서 '%zd'을(를) 사용하는 것이 좋습니다.
d:\dxsolution\dxfirst\symaxexport\syskinexp.cpp(94): warning C4477: 'fwprintf' : 서식 문자열 '%s'에 'wchar_t *' 형식의 인수가 필요하지만 variadic 인수 2의 형식이 'WStr'입니다.
d:\dxsolution\dxfirst\symaxexport\syskinexp.cpp(103): warning C4477: 'fwprintf' : 서식 문자열 '%d'에 'int' 형식의 인수가 필요하지만 variadic 인수 2의 형식이 'unsigned __int64'입니다.
  d:\dxsolution\dxfirst\symaxexport\syskinexp.cpp(103): note: 서식 문자열에서 '%zd'을(를) 사용하는 것이 좋습니다.
d:\dxsolution\dxfirst\symaxexport\syskinexp.cpp(110): warning C4477: 'fwprintf' : 서식 문자열 '%s'에 'wchar_t *' 형식의 인수가 필요하지만 variadic 인수 2의 형식이 'WStr'입니다.
d:\dxsolution\dxfirst\symaxexport\syskinexp.cpp(122): warning C4477: 'fwprintf' : 서식 문자열 '%s'에 'wchar_t *' 형식의 인수가 필요하지만 variadic 인수 1의 형식이 'WStr'입니다.
d:\dxsolution\dxfirst\symaxexport\syskinexp.cpp(122): warning C4477: 'fwprintf' : 서식 문자열 '%s'에 'wchar_t *' 형식의 인수가 필요하지만 variadic 인수 2의 형식이 'WStr'입니다.
d:\dxsolution\dxfirst\symaxexport\syskinexp.cpp(122): warning C4477: 'fwprintf' : 서식 문자열 '%d'에 'int' 형식의 인수가 필요하지만 variadic 인수 4의 형식이 'unsigned __int64'입니다.
  d:\dxsolution\dxfirst\symaxexport\syskinexp.cpp(122): note: 서식 문자열에서 '%zd'을(를) 사용하는 것이 좋습니다.
d:\dxsolution\dxfirst\symaxexport\syskinexp.cpp(122): warning C4477: 'fwprintf' : 서식 문자열 '%d'에 'int' 형식의 인수가 필요하지만 variadic 인수 5의 형식이 'unsigned __int64'입니다.
  d:\dxsolution\dxfirst\symaxexport\syskinexp.cpp(122): note: 서식 문자열에서 '%zd'을(를) 사용하는 것이 좋습니다.
d:\dxsolution\dxfirst\symaxexport\syskinexp.cpp(153): warning C4477: 'fwprintf' : 서식 문자열 '%d'에 'int' 형식의 인수가 필요하지만 variadic 인수 1의 형식이 'unsigned __int64'입니다.
  d:\dxsolution\dxfirst\symaxexport\syskinexp.cpp(153): note: 서식 문자열에서 '%zd'을(를) 사용하는 것이 좋습니다.
d:\dxsolution\dxfirst\symaxexport\syskinexp.cpp(195): warning C4477: 'fwprintf' : 서식 문자열 '%d'에 'int' 형식의 인수가 필요하지만 variadic 인수 1의 형식이 'unsigned __int64'입니다.
  d:\dxsolution\dxfirst\symaxexport\syskinexp.cpp(195): note: 서식 문자열에서 '%zd'을(를) 사용하는 것이 좋습니다.
d:\dxsolution\dxfirst\symaxexport\syskinexp.cpp(207): warning C4267: '초기화 중': 'size_t'에서 'int'(으)로 변환하면서 데이터가 손실될 수 있습니다.
d:\dxsolution\dxfirst\symaxexport\syskinexp.cpp(281): warning C4267: '=': 'size_t'에서 'int'(으)로 변환하면서 데이터가 손실될 수 있습니다.
d:\dxsolution\dxfirst\symaxexport\syskinexp.cpp(478): warning C4244: '=': '__int64'에서 'int'(으)로 변환하면서 데이터가 손실될 수 있습니다.
d:\dxsolution\dxfirst\symaxexport\syskinexp.cpp(507): warning C4267: '=': 'size_t'에서 'int'(으)로 변환하면서 데이터가 손실될 수 있습니다.
d:\dxsolution\dxfirst\symaxexport\syskinexp.cpp(618): warning C4267: '=': 'size_t'에서 'int'(으)로 변환하면서 데이터가 손실될 수 있습니다.
  syWriter.cpp
d:\dxsolution\include\maxsdk2019\paramtype.h(513): warning C4819: 현재 코드 페이지(949)에서 표시할 수 없는 문자가 파일에 들어 있습니다. 데이터가 손실되지 않게 하려면 해당 파일을 유니코드 형식으로 저장하십시오.
d:\dxsolution\include\maxsdk2019\graphicsconstants.h : warning C4819: 현재 코드 페이지(949)에서 표시할 수 없는 문자가 파일에 들어 있습니다. 데이터가 손실되지 않게 하려면 해당 파일을 유니코드 형식으로 저장하십시오.
d:\dxsolution\dxfirst\symaxexport\sywriter.cpp(140): warning C4267: '=': 'size_t'에서 'int'(으)로 변환하면서 데이터가 손실될 수 있습니다.
d:\dxsolution\dxfirst\symaxexport\sywriter.cpp(154): warning C4267: '=': 'size_t'에서 'int'(으)로 변환하면서 데이터가 손실될 수 있습니다.
d:\dxsolution\dxfirst\symaxexport\sywriter.cpp(155): warning C4267: '=': 'size_t'에서 'int'(으)로 변환하면서 데이터가 손실될 수 있습니다.
d:\dxsolution\dxfirst\symaxexport\sywriter.cpp(172): warning C4477: 'fwprintf' : 서식 문자열 '%s'에 'wchar_t *' 형식의 인수가 필요하지만 variadic 인수 1의 형식이 'WStr'입니다.
d:\dxsolution\dxfirst\symaxexport\sywriter.cpp(172): warning C4477: 'fwprintf' : 서식 문자열 '%d'에 'int' 형식의 인수가 필요하지만 variadic 인수 2의 형식이 'unsigned __int64'입니다.
  d:\dxsolution\dxfirst\symaxexport\sywriter.cpp(172): note: 서식 문자열에서 '%zd'을(를) 사용하는 것이 좋습니다.
d:\dxsolution\dxfirst\symaxexport\sywriter.cpp(180): warning C4477: 'fwprintf' : 서식 문자열 '%s'에 'wchar_t *' 형식의 인수가 필요하지만 variadic 인수 1의 형식이 'WStr'입니다.
d:\dxsolution\dxfirst\symaxexport\sywriter.cpp(180): warning C4477: 'fwprintf' : 서식 문자열 '%d'에 'int' 형식의 인수가 필요하지만 variadic 인수 2의 형식이 'unsigned __int64'입니다.
  d:\dxsolution\dxfirst\symaxexport\sywriter.cpp(180): note: 서식 문자열에서 '%zd'을(를) 사용하는 것이 좋습니다.
d:\dxsolution\dxfirst\symaxexport\sywriter.cpp(187): warning C4477: 'fwprintf' : 서식 문자열 '%s'에 'wchar_t *' 형식의 인수가 필요하지만 variadic 인수 2의 형식이 'WStr'입니다.
d:\dxsolution\dxfirst\symaxexport\sywriter.cpp(195): warning C4477: 'fwprintf' : 서식 문자열 '%d'에 'int' 형식의 인수가 필요하지만 variadic 인수 2의 형식이 'unsigned __int64'입니다.
  d:\dxsolution\dxfirst\symaxexport\sywriter.cpp(195): note: 서식 문자열에서 '%zd'을(를) 사용하는 것이 좋습니다.
d:\dxsolution\dxfirst\symaxexport\sywriter.cpp(202): warning C4477: 'fwprintf' : 서식 문자열 '%s'에 'wchar_t *' 형식의 인수가 필요하지만 variadic 인수 2의 형식이 'WStr'입니다.
d:\dxsolution\dxfirst\symaxexport\sywriter.cpp(214): warning C4477: 'fwprintf' : 서식 문자열 '%s'에 'wchar_t *' 형식의 인수가 필요하지만 variadic 인수 1의 형식이 'WStr'입니다.
d:\dxsolution\dxfirst\symaxexport\sywriter.cpp(214): warning C4477: 'fwprintf' : 서식 문자열 '%s'에 'wchar_t *' 형식의 인수가 필요하지만 variadic 인수 2의 형식이 'WStr'입니다.
d:\dxsolution\dxfirst\symaxexport\sywriter.cpp(214): warning C4477: 'fwprintf' : 서식 문자열 '%d'에 'int' 형식의 인수가 필요하지만 variadic 인수 4의 형식이 'unsigned __int64'입니다.
  d:\dxsolution\dxfirst\symaxexport\sywriter.cpp(214): note: 서식 문자열에서 '%zd'을(를) 사용하는 것이 좋습니다.
d:\dxsolution\dxfirst\symaxexport\sywriter.cpp(214): warning C4477: 'fwprintf' : 서식 문자열 '%d'에 'int' 형식의 인수가 필요하지만 variadic 인수 5의 형식이 'unsigned __int64'입니다.
  d:\dxsolution\dxfirst\symaxexport\sywriter.cpp(214): note: 서식 문자열에서 '%zd'을(를) 사용하는 것이 좋습니다.
d:\dxsolution\dxfirst\symaxexport\sywriter.cpp(245): warning C4477: 'fwprintf' : 서식 문자열 '%d'에 'int' 형식의 인수가 필요하지만 variadic 인수 1의 형식이 'unsigned __int64'입니다.
  d:\dxsolution\dxfirst\symaxexport\sywriter.cpp(245): note: 서식 문자열에서 '%zd'을(를) 사용하는 것이 좋습니다.
d:\dxsolution\dxfirst\symaxexport\sywriter.cpp(267): warning C4477: 'fwprintf' : 서식 문자열 '%d'에 'int' 형식의 인수가 필요하지만 variadic 인수 1의 형식이 'unsigned __int64'입니다.
  d:\dxsolution\dxfirst\symaxexport\sywriter.cpp(267): note: 서식 문자열에서 '%zd'을(를) 사용하는 것이 좋습니다.
d:\dxsolution\dxfirst\symaxexport\sywriter.cpp(638): warning C4244: '=': '__int64'에서 'int'(으)로 변환하면서 데이터가 손실될 수 있습니다.
d:\dxsolution\dxfirst\symaxexport\sywriter.cpp(712): warning C4267: '=': 'size_t'에서 'int'(으)로 변환하면서 데이터가 손실될 수 있습니다.
d:\dxsolution\dxfirst\symaxexport\sywriter.cpp(823): warning C4477: 'fwprintf' : 서식 문자열 '%d'에 'int' 형식의 인수가 필요하지만 variadic 인수 2의 형식이 'unsigned __int64'입니다.
  d:\dxsolution\dxfirst\symaxexport\sywriter.cpp(823): note: 서식 문자열에서 '%zd'을(를) 사용하는 것이 좋습니다.
d:\dxsolution\dxfirst\symaxexport\sywriter.cpp(823): warning C4477: 'fwprintf' : 서식 문자열 '%d'에 'int' 형식의 인수가 필요하지만 variadic 인수 3의 형식이 'unsigned __int64'입니다.
  d:\dxsolution\dxfirst\symaxexport\sywriter.cpp(823): note: 서식 문자열에서 '%zd'을(를) 사용하는 것이 좋습니다.
d:\dxsolution\dxfirst\symaxexport\sywriter.cpp(823): warning C4477: 'fwprintf' : 서식 문자열 '%d'에 'int' 형식의 인수가 필요하지만 variadic 인수 4의 형식이 'unsigned __int64'입니다.
  d:\dxsolution\dxfirst\symaxexport\sywriter.cpp(823): note: 서식 문자열에서 '%zd'을(를) 사용하는 것이 좋습니다.
LINK : warning LNK4075: '/INCREMENTAL'이(가) '/LTCG' 사양으로 인해 무시됩니다.
     C:\Program Files\Autodesk\3ds Max 2019\Plugins\symaxExport.lib 라이브러리 및 C:\Program Files\Autodesk\3ds Max 2019\Plugins\symaxExport.exp 개체를 생성하고 있습니다.
  코드를 생성하고 있습니다.
d:\dxsolution\dxfirst\symaxexport\sywriter.cpp(112): warning C4172: 지역 변수 또는 임시: m_tmpBuffer의 주소를 반환하고 있습니다.
d:\dxsolution\dxfirst\symaxexport\sywriter.cpp(61): warning C4172: 지역 변수 또는 임시: szFile의 주소를 반환하고 있습니다.
  All 1926 functions were compiled because no usable IPDB/IOBJ from previous compilation was found.
  코드를 생성했습니다.
  symaxExport.vcxproj -> C:\Program Files\Autodesk\3ds Max 2019\Plugins\symaxExport.dle
